Performing C SOURCE FILE Test CMAKE_HAVE_LIBC_PTHREAD failed with the following output:
Change Dir: /run/media/com/eef95668-7438-4f7a-bf0f-9f66f56e0459/Projects/C++/BotDiscord/source/DiscordCLI-Cpp/build/CMakeFiles/CMakeTmp

Run Build Command(s):/usr/bin/make cmTC_9a20d/fast && /usr/bin/make  -f CMakeFiles/cmTC_9a20d.dir/build.make CMakeFiles/cmTC_9a20d.dir/build
make[1]: Entering directory '/run/media/com/eef95668-7438-4f7a-bf0f-9f66f56e0459/Projects/C++/BotDiscord/source/DiscordCLI-Cpp/build/CMakeFiles/CMakeTmp'
Building C object CMakeFiles/cmTC_9a20d.dir/src.c.o
/usr/bin/cc   -DCMAKE_HAVE_LIBC_PTHREAD   -o CMakeFiles/cmTC_9a20d.dir/src.c.o   -c /run/media/com/eef95668-7438-4f7a-bf0f-9f66f56e0459/Projects/C++/BotDiscord/source/DiscordCLI-Cpp/build/CMakeFiles/CMakeTmp/src.c
Linking C executable cmTC_9a20d
/usr/bin/cmake -E cmake_link_script CMakeFiles/cmTC_9a20d.dir/link.txt --verbose=1
/usr/bin/cc  -DCMAKE_HAVE_LIBC_PTHREAD    CMakeFiles/cmTC_9a20d.dir/src.c.o  -o cmTC_9a20d 
/usr/bin/ld: CMakeFiles/cmTC_9a20d.dir/src.c.o: in function `main':
src.c:(.text+0x3e): undefined reference to `pthread_create'
/usr/bin/ld: src.c:(.text+0x4a): undefined reference to `pthread_detach'
/usr/bin/ld: src.c:(.text+0x56): undefined reference to `pthread_cancel'
/usr/bin/ld: src.c:(.text+0x67): undefined reference to `pthread_join'
collect2: error: ld returned 1 exit status
make[1]: *** [CMakeFiles/cmTC_9a20d.dir/build.make:107: cmTC_9a20d] Error 1
make[1]: Leaving directory '/run/media/com/eef95668-7438-4f7a-bf0f-9f66f56e0459/Projects/C++/BotDiscord/source/DiscordCLI-Cpp/build/CMakeFiles/CMakeTmp'
make: *** [Makefile:141: cmTC_9a20d/fast] Error 2


Source file was:
#include <pthread.h>

void* test_func(void* data)
{
  return data;
}

int main(void)
{
  pthread_t thread;
  pthread_create(&thread, NULL, test_func, NULL);
  pthread_detach(thread);
  pthread_cancel(thread);
  pthread_join(thread, NULL);
  pthread_atfork(NULL, NULL, NULL);
  pthread_exit(NULL);

  return 0;
}

